<?xml version="1.0" encoding="UTF-8"?>
<!-- Generated by org.testng.reporters.JUnitReportReporter -->
<testsuite skipped="0" hostname="P2CLAP-G01L1VH" name="SeleniumImportant.TestNGPriority" tests="5" failures="0" timestamp="05 Mar 2020 09:21:21 GMT" time="0.017" errors="0">
  <testcase name="One" time="0.013" classname="SeleniumImportant.TestNGPriority"/>
  <testcase name="Two" time="0.001" classname="SeleniumImportant.TestNGPriority"/>
  <testcase name="Three" time="0.001" classname="SeleniumImportant.TestNGPriority"/>
  <testcase name="Four" time="0.001" classname="SeleniumImportant.TestNGPriority"/>
  <testcase name="Five" time="0.001" classname="SeleniumImportant.TestNGPriority"/>
</testsuite> <!-- SeleniumImportant.TestNGPriority -->
