<?xml version="1.0" encoding="UTF-8"?>
<!-- Generated by org.testng.reporters.JUnitReportReporter -->
<testsuite skipped="0" hostname="Parag-PC" name="SeleniumImportant.DiffbetBeforeTestBeforeMethod" tests="2" failures="0" timestamp="03 Oct 2018 16:41:04 GMT" time="0.010" errors="0">
  <testcase name="TestExample" time="0.008" classname="SeleniumImportant.DiffbetBeforeTestBeforeMethod"/>
  <testcase name="TestExample1" time="0.002" classname="SeleniumImportant.DiffbetBeforeTestBeforeMethod"/>
</testsuite> <!-- SeleniumImportant.DiffbetBeforeTestBeforeMethod -->
