<?xml version="1.0" encoding="UTF-8"?>
<!-- Generated by org.testng.reporters.JUnitReportReporter -->
<testsuite skipped="0" hostname="Parag-PC" name="SeleniumImportant.InvocationCount" tests="10" failures="0" timestamp="15 Sep 2018 06:38:02 GMT" time="0.023" errors="0">
  <testcase name="testCount" time="0.001" classname="SeleniumImportant.InvocationCount"/>
  <testcase name="testCount" time="0.001" classname="SeleniumImportant.InvocationCount"/>
  <testcase name="testCount" time="0.001" classname="SeleniumImportant.InvocationCount"/>
  <testcase name="testCount" time="0.002" classname="SeleniumImportant.InvocationCount"/>
  <testcase name="testCount" time="0.002" classname="SeleniumImportant.InvocationCount"/>
  <testcase name="testCount" time="0.001" classname="SeleniumImportant.InvocationCount"/>
  <testcase name="testCount" time="0.001" classname="SeleniumImportant.InvocationCount"/>
  <testcase name="testCount" time="0.001" classname="SeleniumImportant.InvocationCount"/>
  <testcase name="testCount" time="0.012" classname="SeleniumImportant.InvocationCount"/>
  <testcase name="testCount" time="0.001" classname="SeleniumImportant.InvocationCount"/>
</testsuite> <!-- SeleniumImportant.InvocationCount -->
