<?xml version="1.0" encoding="UTF-8"?>
<!-- Generated by org.testng.reporters.JUnitReportReporter -->
<testsuite hostname="P2CLAP-G01L1VH" name="SeleniumImportant.TestNGPriority" tests="5" failures="0" timestamp="18 Jul 2019 18:27:27 GMT" time="0.014" errors="0">
  <testcase name="Two" time="0.001" classname="SeleniumImportant.TestNGPriority"/>
  <testcase name="Three" time="0.001" classname="SeleniumImportant.TestNGPriority"/>
  <testcase name="One" time="0.011" classname="SeleniumImportant.TestNGPriority"/>
  <testcase name="Five" time="0.000" classname="SeleniumImportant.TestNGPriority"/>
  <testcase name="Four" time="0.001" classname="SeleniumImportant.TestNGPriority"/>
</testsuite> <!-- SeleniumImportant.TestNGPriority -->
