<?xml version="1.0" encoding="UTF-8"?>
<!-- Generated by org.testng.reporters.JUnitReportReporter -->
<testsuite name="SeleniumImportant.Annotation" tests="1" time="0.010" ignored="0" failures="0" timestamp="18 Oct 2020 09:58:54 GMT" skipped="0" hostname="P2CLAP-G01L1VH" errors="0">
  <testcase name="sequence5" time="0.010" classname="SeleniumImportant.Annotation"/>
</testsuite> <!-- SeleniumImportant.Annotation -->
