<?xml version="1.0" encoding="UTF-8"?>
<!-- Generated by org.testng.reporters.JUnitReportReporter -->
<testsuite name="SeleniumImportant.TestNGPriority" tests="6" time="0.019" ignored="0" failures="0" timestamp="18 Oct 2020 09:29:39 GMT" skipped="0" hostname="P2CLAP-G01L1VH" errors="0">
  <testcase name="One" time="0.012" classname="SeleniumImportant.TestNGPriority"/>
  <testcase name="Three" time="0.002" classname="SeleniumImportant.TestNGPriority"/>
  <testcase name="Threeone" time="0.001" classname="SeleniumImportant.TestNGPriority"/>
  <testcase name="Four" time="0.001" classname="SeleniumImportant.TestNGPriority"/>
  <testcase name="Two" time="0.002" classname="SeleniumImportant.TestNGPriority"/>
  <testcase name="Threetwo" time="0.001" classname="SeleniumImportant.TestNGPriority"/>
</testsuite> <!-- SeleniumImportant.TestNGPriority -->
