<?xml version="1.0" encoding="UTF-8"?>
<!-- Generated by org.testng.reporters.JUnitReportReporter -->
<testsuite name="SeleniumImportant.DiffbetBeforeTestBeforeMethod" tests="2" time="0.008" ignored="0" failures="0" timestamp="18 Oct 2020 09:23:50 GMT" skipped="0" hostname="P2CLAP-G01L1VH" errors="0">
  <testcase name="TestExample1" time="0.002" classname="SeleniumImportant.DiffbetBeforeTestBeforeMethod"/>
  <testcase name="TestExample" time="0.006" classname="SeleniumImportant.DiffbetBeforeTestBeforeMethod"/>
</testsuite> <!-- SeleniumImportant.DiffbetBeforeTestBeforeMethod -->
